<?xml version="1.0" encoding="UTF-8"?>
<testsuite xmlns:xsi="http://www.w3.org/2001/XMLSchema-instance" xsi:noNamespaceSchemaLocation="https://maven.apache.org/surefire/maven-surefire-plugin/xsd/surefire-test-report.xsd" name="com.example.demo.ApiControllerTest" time="3.215" tests="19" errors="0" skipped="0" failures="0">
  <properties>
[...]
</properties>
  <testcase name="testGetItemJson" classname="com.example.demo.ApiControllerTest" time="0.153"/>
  <testcase name="whenUpdateItem_withValidData_thenReturns200AndUpdatedItem" classname="com.example.demo.ApiControllerTest" time="0.128"/>
  <testcase name="whenUpdateItem_thatDoesNotExist_thenReturns404NotFound" classname="com.example.demo.ApiControllerTest" time="0"/>
  <testcase name="testGetItemNotFound" classname="com.example.demo.ApiControllerTest" time="0"/>
  <testcase name="testCreateItemWithInvalidData_ShouldReturnBadRequest" classname="com.example.demo.ApiControllerTest" time="0.015"/>
  <testcase name="whenUpdateDescription_withNonExistingId_thenReturns404" classname="com.example.demo.ApiControllerTest" time="0"/>
  <testcase name="whenUpdateItem_withInvalidData_thenReturns400BadRequest" classname="com.example.demo.ApiControllerTest" time="0.016"/>
  <testcase name="whenUpdateDescription_withEmptyDescription_thenReturns400" classname="com.example.demo.ApiControllerTest" time="0"/>
  <testcase name="whenUpdateDescription_withValidData_thenReturns200AndUpdatedItem" classname="com.example.demo.ApiControllerTest" time="0"/>
  <testcase name="whenGetItemByName_withNonExistingName_thenReturns404" classname="com.example.demo.ApiControllerTest" time="0.016"/>
  <testcase name="testCreateItemWithEmptyJson_ShouldReturnBadRequest" classname="com.example.demo.ApiControllerTest" time="0.006"/>
  <testcase name="testCreateItem" classname="com.example.demo.ApiControllerTest" time="0.004"/>
  <testcase name="givenNoItems_whenGetAllItems_thenReturns200AndEmptyList" classname="com.example.demo.ApiControllerTest" time="0.006"/>
  <testcase name="whenGetItemByName_withExistingName_thenReturns200AndItem" classname="com.example.demo.ApiControllerTest" time="0"/>
  <testcase name="givenItemsExist_whenGetAllItems_thenReturns200AndItemList" classname="com.example.demo.ApiControllerTest" time="0"/>
  <testcase name="whenDeleteItem_thatDoesNotExist_thenReturns404NotFound" classname="com.example.demo.ApiControllerTest" time="0.015"/>
  <testcase name="whenGetItemByName_withEmptyName_thenReturns400" classname="com.example.demo.ApiControllerTest" time="0"/>
  <testcase name="testCreateItemWithMalformedJson_ShouldReturnBadRequest" classname="com.example.demo.ApiControllerTest" time="0"/>
  <testcase name="whenDeleteItem_thatExists_thenReturns204NoContent" classname="com.example.demo.ApiControllerTest" time="0.015"/>
</testsuite>